<?xml version="1.0" encoding="UTF-8"?>
<!-- Generated by org.testng.reporters.JUnitReportReporter -->
<testsuite hostname="ARS-NBT-LAP-517" failures="0" tests="4" name="DataProvider1.FetchUrl" time="0.014" errors="0" timestamp="08 Jun 2022 13:51:39 GMT" skipped="0">
  <testcase classname="DataProvider1.FetchUrl" name="search" time="0.002"/>
  <testcase classname="DataProvider1.FetchUrl" name="search" time="0.001"/>
  <testcase classname="DataProvider1.FetchUrl" name="search" time="0.001"/>
  <testcase classname="DataProvider1.FetchUrl" name="search" time="0.010"/>
</testsuite> <!-- DataProvider1.FetchUrl -->
