<?xml version="1.0" encoding="UTF-8"?>
<!-- Generated by org.testng.reporters.JUnitReportReporter -->
<testsuite skipped="5" hostname="techteam-Latitude-E5440" name="com.ts.testcases.TC_Professionals" tests="5" failures="0" timestamp="15 Jun 2021 14:22:21 GMT" time="0.000" errors="0">
  <testcase name="IAVerification" time="0.000" classname="com.ts.testcases.TC_Professionals">
    <skipped/>
  </testcase> <!-- IAVerification -->
  <testcase name="Doctorverification" time="0.000" classname="com.ts.testcases.TC_Professionals">
    <skipped/>
  </testcase> <!-- Doctorverification -->
  <testcase name="ICSIverification" time="0.000" classname="com.ts.testcases.TC_Professionals">
    <skipped/>
  </testcase> <!-- ICSIverification -->
  <testcase name="CAverification" time="0.000" classname="com.ts.testcases.TC_Professionals">
    <skipped/>
  </testcase> <!-- CAverification -->
  <testcase name="Dentistverification" time="0.000" classname="com.ts.testcases.TC_Professionals">
    <skipped/>
  </testcase> <!-- Dentistverification -->
</testsuite> <!-- com.ts.testcases.TC_Professionals -->
