<?xml version="1.0" encoding="UTF-8"?>
<!-- Generated by org.testng.reporters.JUnitReportReporter -->
<testsuite hostname="ARS-MSOFT-LAP" name="com.iBridge.testcases.TC_LoginTest_01" tests="1" failures="0" timestamp="27 Nov 2020 17:59:30 GMT" time="6.923" errors="0">
  <testcase name="loginTest" time="6.923" classname="com.iBridge.testcases.TC_LoginTest_01"/>
</testsuite> <!-- com.iBridge.testcases.TC_LoginTest_01 -->
